[02-Aug-2025 09:52:04 Europe/Berlin] PHP Warning:  mysqli::__construct(): (HY000/2002): No connection could be made because the target machine actively refused it in C:\xampp\htdocs\kayron-student-management-\php\others.php on line 15
[02-Aug-2025 14:21:50 Europe/Berlin] MySQL Execution Error: Data truncated for column 'fee_type' at row 1
[02-Aug-2025 14:21:50 Europe/Berlin] MySQL Execution Error: Data truncated for column 'fee_type' at row 1
[02-Aug-2025 14:21:50 Europe/Berlin] MySQL Execution Error: Data truncated for column 'fee_type' at row 1
[02-Aug-2025 14:52:52 Europe/Berlin] MySQL Execution Error: Data truncated for column 'fee_type' at row 1
[02-Aug-2025 14:52:54 Europe/Berlin] MySQL Execution Error: Data truncated for column 'fee_type' at row 1
[09-Aug-2025 21:42:01 Europe/Berlin] PHP Notice:  Only variables should be passed by reference in C:\xampp\htdocs\kayron-student-management-\php\others.php on line 60
[09-Aug-2025 21:45:23 Europe/Berlin] PHP Notice:  Only variables should be passed by reference in C:\xampp\htdocs\kayron-student-management-\php\others.php on line 60
[09-Aug-2025 21:46:10 Europe/Berlin] PHP Notice:  Only variables should be passed by reference in C:\xampp\htdocs\kayron-student-management-\php\others.php on line 60
[13-Aug-2025 10:11:02 Europe/Berlin] PHP Notice:  session_start(): Ignoring session_start() because a session is already active in C:\xampp\htdocs\kayron-student-management-\php\lunch-fee.php on line 2
[13-Aug-2025 10:54:09 Europe/Berlin] PHP Warning:  Array to string conversion in C:\xampp\htdocs\kayron-student-management-\php\others.php on line 277
[13-Aug-2025 10:54:09 Europe/Berlin] PHP Warning:  Trying to access array offset on value of type null in C:\xampp\htdocs\kayron-student-management-\php\others.php on line 284
[13-Aug-2025 10:54:09 Europe/Berlin] PHP Warning:  Trying to access array offset on value of type null in C:\xampp\htdocs\kayron-student-management-\php\others.php on line 284
[13-Aug-2025 10:54:09 Europe/Berlin] PHP Warning:  Array to string conversion in C:\xampp\htdocs\kayron-student-management-\php\others.php on line 277
[13-Aug-2025 10:54:09 Europe/Berlin] PHP Warning:  Trying to access array offset on value of type null in C:\xampp\htdocs\kayron-student-management-\php\others.php on line 284
[13-Aug-2025 10:54:09 Europe/Berlin] PHP Warning:  Trying to access array offset on value of type null in C:\xampp\htdocs\kayron-student-management-\php\others.php on line 284
[13-Aug-2025 10:54:09 Europe/Berlin] PHP Warning:  Array to string conversion in C:\xampp\htdocs\kayron-student-management-\php\others.php on line 277
[13-Aug-2025 10:54:09 Europe/Berlin] PHP Warning:  Trying to access array offset on value of type null in C:\xampp\htdocs\kayron-student-management-\php\others.php on line 284
[13-Aug-2025 10:54:09 Europe/Berlin] PHP Warning:  Trying to access array offset on value of type null in C:\xampp\htdocs\kayron-student-management-\php\others.php on line 284
[13-Aug-2025 11:00:24 Europe/Berlin] PHP Warning:  Array to string conversion in C:\xampp\htdocs\kayron-student-management-\php\others.php on line 277
[13-Aug-2025 11:00:24 Europe/Berlin] PHP Warning:  Trying to access array offset on value of type null in C:\xampp\htdocs\kayron-student-management-\php\others.php on line 284
[13-Aug-2025 11:00:24 Europe/Berlin] PHP Warning:  Trying to access array offset on value of type null in C:\xampp\htdocs\kayron-student-management-\php\others.php on line 284
[13-Aug-2025 11:00:24 Europe/Berlin] PHP Warning:  Array to string conversion in C:\xampp\htdocs\kayron-student-management-\php\others.php on line 277
[13-Aug-2025 11:00:24 Europe/Berlin] PHP Warning:  Trying to access array offset on value of type null in C:\xampp\htdocs\kayron-student-management-\php\others.php on line 284
[13-Aug-2025 11:00:24 Europe/Berlin] PHP Warning:  Trying to access array offset on value of type null in C:\xampp\htdocs\kayron-student-management-\php\others.php on line 284
[13-Aug-2025 11:00:24 Europe/Berlin] PHP Warning:  Array to string conversion in C:\xampp\htdocs\kayron-student-management-\php\others.php on line 277
[13-Aug-2025 11:00:24 Europe/Berlin] PHP Warning:  Trying to access array offset on value of type null in C:\xampp\htdocs\kayron-student-management-\php\others.php on line 284
[13-Aug-2025 11:00:24 Europe/Berlin] PHP Warning:  Trying to access array offset on value of type null in C:\xampp\htdocs\kayron-student-management-\php\others.php on line 284
[13-Aug-2025 11:00:24 Europe/Berlin] PHP Warning:  Array to string conversion in C:\xampp\htdocs\kayron-student-management-\php\others.php on line 277
[13-Aug-2025 11:00:24 Europe/Berlin] PHP Warning:  Trying to access array offset on value of type null in C:\xampp\htdocs\kayron-student-management-\php\others.php on line 284
[13-Aug-2025 11:00:24 Europe/Berlin] PHP Warning:  Trying to access array offset on value of type null in C:\xampp\htdocs\kayron-student-management-\php\others.php on line 284
[13-Aug-2025 11:00:24 Europe/Berlin] PHP Warning:  Array to string conversion in C:\xampp\htdocs\kayron-student-management-\php\others.php on line 277
[13-Aug-2025 11:00:24 Europe/Berlin] PHP Warning:  Trying to access array offset on value of type null in C:\xampp\htdocs\kayron-student-management-\php\others.php on line 284
[13-Aug-2025 11:00:24 Europe/Berlin] PHP Warning:  Trying to access array offset on value of type null in C:\xampp\htdocs\kayron-student-management-\php\others.php on line 284
[13-Aug-2025 11:15:19 Europe/Berlin] PHP Warning:  Array to string conversion in C:\xampp\htdocs\kayron-student-management-\php\others.php on line 280
[13-Aug-2025 11:15:19 Europe/Berlin] PHP Warning:  Trying to access array offset on value of type null in C:\xampp\htdocs\kayron-student-management-\php\others.php on line 287
[13-Aug-2025 11:15:19 Europe/Berlin] PHP Warning:  Trying to access array offset on value of type null in C:\xampp\htdocs\kayron-student-management-\php\others.php on line 287
[13-Aug-2025 11:15:19 Europe/Berlin] PHP Warning:  Array to string conversion in C:\xampp\htdocs\kayron-student-management-\php\others.php on line 280
[13-Aug-2025 11:15:19 Europe/Berlin] PHP Warning:  Trying to access array offset on value of type null in C:\xampp\htdocs\kayron-student-management-\php\others.php on line 287
[13-Aug-2025 11:15:19 Europe/Berlin] PHP Warning:  Trying to access array offset on value of type null in C:\xampp\htdocs\kayron-student-management-\php\others.php on line 287
[13-Aug-2025 11:15:19 Europe/Berlin] PHP Warning:  Array to string conversion in C:\xampp\htdocs\kayron-student-management-\php\others.php on line 280
[13-Aug-2025 11:15:19 Europe/Berlin] PHP Warning:  Trying to access array offset on value of type null in C:\xampp\htdocs\kayron-student-management-\php\others.php on line 287
[13-Aug-2025 11:15:19 Europe/Berlin] PHP Warning:  Trying to access array offset on value of type null in C:\xampp\htdocs\kayron-student-management-\php\others.php on line 287
[13-Aug-2025 11:23:44 Europe/Berlin] PHP Warning:  Array to string conversion in C:\xampp\htdocs\kayron-student-management-\php\others.php on line 279
[13-Aug-2025 11:23:44 Europe/Berlin] PHP Warning:  Trying to access array offset on value of type null in C:\xampp\htdocs\kayron-student-management-\php\others.php on line 284
[13-Aug-2025 11:23:44 Europe/Berlin] PHP Warning:  Trying to access array offset on value of type null in C:\xampp\htdocs\kayron-student-management-\php\others.php on line 284
[13-Aug-2025 11:37:52 Europe/Berlin] PHP Warning:  Array to string conversion in C:\xampp\htdocs\kayron-student-management-\php\others.php on line 286
[13-Aug-2025 11:37:52 Europe/Berlin] PHP Warning:  Trying to access array offset on value of type null in C:\xampp\htdocs\kayron-student-management-\php\others.php on line 290
[13-Aug-2025 11:37:52 Europe/Berlin] PHP Warning:  Trying to access array offset on value of type null in C:\xampp\htdocs\kayron-student-management-\php\others.php on line 290
[13-Aug-2025 11:42:31 Europe/Berlin] PHP Warning:  Array to string conversion in C:\xampp\htdocs\kayron-student-management-\php\others.php on line 287
[13-Aug-2025 11:42:31 Europe/Berlin] PHP Warning:  Trying to access array offset on value of type null in C:\xampp\htdocs\kayron-student-management-\php\others.php on line 291
[13-Aug-2025 11:42:31 Europe/Berlin] PHP Warning:  Trying to access array offset on value of type null in C:\xampp\htdocs\kayron-student-management-\php\others.php on line 291
[13-Aug-2025 11:47:18 Europe/Berlin] PHP Warning:  Array to string conversion in C:\xampp\htdocs\kayron-student-management-\php\others.php on line 287
[13-Aug-2025 11:47:18 Europe/Berlin] PHP Warning:  Array to string conversion in C:\xampp\htdocs\kayron-student-management-\php\others.php on line 287
[13-Aug-2025 12:01:01 Europe/Berlin] PHP Warning:  Array to string conversion in C:\xampp\htdocs\kayron-student-management-\php\others.php on line 292
[13-Aug-2025 12:05:18 Europe/Berlin] PHP Warning:  Array to string conversion in C:\xampp\htdocs\kayron-student-management-\php\others.php on line 292
[13-Aug-2025 12:05:18 Europe/Berlin] PHP Warning:  Array to string conversion in C:\xampp\htdocs\kayron-student-management-\php\others.php on line 292
[13-Aug-2025 12:05:18 Europe/Berlin] PHP Warning:  Array to string conversion in C:\xampp\htdocs\kayron-student-management-\php\others.php on line 292
[13-Aug-2025 12:05:18 Europe/Berlin] PHP Warning:  Array to string conversion in C:\xampp\htdocs\kayron-student-management-\php\others.php on line 292
[13-Aug-2025 12:06:47 Europe/Berlin] PHP Warning:  Array to string conversion in C:\xampp\htdocs\kayron-student-management-\php\others.php on line 279
[13-Aug-2025 12:08:21 Europe/Berlin] PHP Warning:  Array to string conversion in C:\xampp\htdocs\kayron-student-management-\php\others.php on line 292
[13-Aug-2025 12:08:21 Europe/Berlin] PHP Warning:  Array to string conversion in C:\xampp\htdocs\kayron-student-management-\php\others.php on line 292
[13-Aug-2025 12:08:21 Europe/Berlin] PHP Warning:  Array to string conversion in C:\xampp\htdocs\kayron-student-management-\php\others.php on line 292
[13-Aug-2025 12:14:53 Europe/Berlin] PHP Warning:  Array to string conversion in C:\xampp\htdocs\kayron-student-management-\php\others.php on line 292
[13-Aug-2025 12:30:40 Europe/Berlin] PHP Warning:  Array to string conversion in C:\xampp\htdocs\kayron-student-management-\php\others.php on line 292
[13-Aug-2025 12:31:17 Europe/Berlin] PHP Warning:  Array to string conversion in C:\xampp\htdocs\kayron-student-management-\php\others.php on line 292
[13-Aug-2025 12:31:17 Europe/Berlin] PHP Fatal error:  Uncaught Error: Undefined constant "x" in C:\xampp\htdocs\kayron-student-management-\php\others.php:299
Stack trace:
#0 {main}
  thrown in C:\xampp\htdocs\kayron-student-management-\php\others.php on line 299
[13-Aug-2025 12:31:38 Europe/Berlin] PHP Warning:  Array to string conversion in C:\xampp\htdocs\kayron-student-management-\php\others.php on line 292
[13-Aug-2025 12:33:22 Europe/Berlin] PHP Fatal error:  Uncaught Error: Call to a member function bind_param() on bool in C:\xampp\htdocs\kayron-student-management-\php\others.php:291
Stack trace:
#0 {main}
  thrown in C:\xampp\htdocs\kayron-student-management-\php\others.php on line 291
[13-Aug-2025 12:33:57 Europe/Berlin] PHP Warning:  Array to string conversion in C:\xampp\htdocs\kayron-student-management-\php\others.php on line 292
[13-Aug-2025 12:33:57 Europe/Berlin] PHP Warning:  Array to string conversion in C:\xampp\htdocs\kayron-student-management-\php\others.php on line 292
[13-Aug-2025 12:36:43 Europe/Berlin] PHP Warning:  Array to string conversion in C:\xampp\htdocs\kayron-student-management-\php\others.php on line 292
[13-Aug-2025 12:36:43 Europe/Berlin] PHP Warning:  Array to string conversion in C:\xampp\htdocs\kayron-student-management-\php\others.php on line 292
[13-Aug-2025 12:36:43 Europe/Berlin] PHP Warning:  Array to string conversion in C:\xampp\htdocs\kayron-student-management-\php\others.php on line 292
[13-Aug-2025 12:49:00 Europe/Berlin] PHP Warning:  Array to string conversion in C:\xampp\htdocs\kayron-student-management-\php\others.php on line 294
[13-Aug-2025 12:49:00 Europe/Berlin] PHP Warning:  Array to string conversion in C:\xampp\htdocs\kayron-student-management-\php\others.php on line 294
[13-Aug-2025 12:49:00 Europe/Berlin] PHP Warning:  Array to string conversion in C:\xampp\htdocs\kayron-student-management-\php\others.php on line 294
[13-Aug-2025 12:49:00 Europe/Berlin] PHP Warning:  Array to string conversion in C:\xampp\htdocs\kayron-student-management-\php\others.php on line 294
[13-Aug-2025 12:53:08 Europe/Berlin] PHP Warning:  Array to string conversion in C:\xampp\htdocs\kayron-student-management-\php\others.php on line 289
[13-Aug-2025 12:53:08 Europe/Berlin] PHP Warning:  Array to string conversion in C:\xampp\htdocs\kayron-student-management-\php\others.php on line 289
[13-Aug-2025 13:06:36 Europe/Berlin] PHP Warning:  Array to string conversion in C:\xampp\htdocs\kayron-student-management-\php\others.php on line 295
[13-Aug-2025 13:07:47 Europe/Berlin] PHP Warning:  Array to string conversion in C:\xampp\htdocs\kayron-student-management-\php\others.php on line 279
[13-Aug-2025 13:07:47 Europe/Berlin] PHP Warning:  Array to string conversion in C:\xampp\htdocs\kayron-student-management-\php\others.php on line 279
[13-Aug-2025 13:09:07 Europe/Berlin] PHP Warning:  Array to string conversion in C:\xampp\htdocs\kayron-student-management-\php\others.php on line 281
